<?xml version="1.0" encoding="UTF-8"?>
<!-- Generated by org.testng.reporters.JUnitReportReporter -->
<testsuite hostname="Vigneshwaran" failures="0" tests="1" name="Listeners_DDT.DDT_FetchValue" time="12.798" errors="0" timestamp="2024-07-10T19:27:52 IST" skipped="0">
  <testcase classname="Listeners_DDT.DDT_FetchValue" name="Data_fetching" time="12.798"/>
  <system-out/>
</testsuite> <!-- Listeners_DDT.DDT_FetchValue -->
