<?xml version="1.0" encoding="UTF-8"?>
<!-- Generated by org.testng.reporters.JUnitReportReporter -->
<testsuite hostname="Vigneshwaran" failures="0" tests="1" name="Maven_Amazon.Maven_AmazonTestcases.Testcase3" time="31.125" errors="0" timestamp="2024-07-10T19:55:08 IST" skipped="0">
  <testcase classname="Maven_Amazon.Maven_AmazonTestcases.Testcase3" name="Login_Search_ClickFirstProduct_AddToWishlist" time="31.125"/>
  <system-out>
    <![CDATA[Testcase Passed]]>
  </system-out>
</testsuite> <!-- Maven_Amazon.Maven_AmazonTestcases.Testcase3 -->
